stride= 12 cycles= 2695426096
stride= 13 cycles= 2497955949
stride= 14 cycles= 2522426898
stride= 15 cycles= 2608549959
stride= 16 cycles= 2815713222
stride= 17 cycles= 2826481212
stride= 18 cycles= 2684860470
stride= 19 cycles= 5413005291
stride= 20 cycles= 9468664236
stride= 21 cycles= 11389388823
stride= 22 cycles= 11481807474
stride= 23 cycles= 11537748009
stride= 24 cycles= 11754820272
stride= 25 cycles= 11884533876
stride= 26 cycles= 11898420363
stride= 27 cycles= 12165224874
stride= 28 cycles= 13006368069
stride= 29 cycles= 6563532657
stride= 30 cycles= 3456841671
stride= 31 cycles= 1519064568
stride= 32 cycles= 1904160477
